<?xml version="1.0" encoding="UTF-8"?>
<!-- Generated by org.testng.reporters.JUnitReportReporter -->
<testsuite hostname="CNLDLF2578" failures="0" tests="1" name="com.qa.testscript.TC_MakeMyTrip_001" time="16.751" errors="0" timestamp="2023-05-12T22:43:21 IST" skipped="0">
  <testcase classname="com.qa.testscript.TC_MakeMyTrip_001" name="checkLogo" time="16.751"/>
  <system-out/>
</testsuite> <!-- com.qa.testscript.TC_MakeMyTrip_001 -->
