<?xml version="1.0" encoding="UTF-8"?>
<!-- Generated by org.testng.reporters.JUnitReportReporter -->
<testsuite hostname="CNLDLF2578" failures="0" tests="1" name="com.qa.testscript.TC_MakeMyTrip_002" time="55.455" errors="0" timestamp="2023-05-12T22:52:53 IST" skipped="0">
  <testcase classname="com.qa.testscript.TC_MakeMyTrip_002" name="CheckFlightsFromToCity" time="55.455"/>
  <system-out/>
</testsuite> <!-- com.qa.testscript.TC_MakeMyTrip_002 -->
