<?xml version="1.0" encoding="UTF-8"?>
<!-- Generated by org.testng.reporters.JUnitReportReporter -->
<testsuite hostname="9896fc5e598259c" failures="0" tests="1" name="com.qa.testscript.TC_MakeMyTrip_002" time="62.102" errors="0" timestamp="2023-09-12T15:24:28 IST" skipped="0">
  <testcase classname="com.qa.testscript.TC_MakeMyTrip_002" name="CheckFlightsFromToCity" time="62.102"/>
  <system-out/>
</testsuite> <!-- com.qa.testscript.TC_MakeMyTrip_002 -->
