<?xml version="1.0" encoding="UTF-8"?>
<!-- Generated by org.testng.reporters.JUnitReportReporter -->
<testsuite hostname="9896fc5e598259c" failures="0" tests="1" name="com.qa.testscript.TC_MakeMyTrip_001" time="12.216" errors="0" timestamp="2023-09-12T15:31:16 IST" skipped="0">
  <testcase classname="com.qa.testscript.TC_MakeMyTrip_001" name="checkLogo" time="12.216"/>
  <system-out/>
</testsuite> <!-- com.qa.testscript.TC_MakeMyTrip_001 -->
